<?xml version="1.0" encoding="UTF-8"?>
<testsuite xmlns:xsi="http://www.w3.org/2001/XMLSchema-instance" xsi:noNamespaceSchemaLocation="https://maven.apache.org/surefire/maven-surefire-plugin/xsd/surefire-test-report.xsd" version="3.0.2" name="com.bhikhari.BhikhariApplicationTests" time="9.716" tests="1" errors="0" skipped="0" failures="0">
  <properties>
[...]
</properties>
  <testcase name="contextLoads" classname="com.bhikhari.BhikhariApplicationTests" time="0.445">
    <system-out><![CDATA[15:21:21.720 [main] INFO org.springframework.test.context.support.AnnotationConfigContextLoaderUtils -- Could not detect default configuration classes for test class [com.bhikhari.BhikhariApplicationTests]: BhikhariApplicationTests does not declare any static, non-private, non-final, nested classes annotated with @Configuration.
15:21:21.844 [main] INFO org.springframework.boot.test.context.SpringBootTestContextBootstrapper -- Found @SpringBootConfiguration com.bhikhari.RentoAuthApplication for test class com.bhikhari.BhikhariApplicationTests
15:21:22.133 [main] INFO org.springframework.boot.devtools.restart.RestartApplicationListener -- Restart disabled due to context in which it is running

  .   ____          _            __ _ _
 /\\ / ___'_ __ _ _(_)_ __  __ _ \ \ \ \
( ( )\___ | '_ | '_| | '_ \/ _` | \ \ \ \
 \\/  ___)| |_)| | | | | || (_| |  ) ) ) )
  '  |____| .__|_| |_|_| |_\__, | / / / /
 =========|_|==============|___/=/_/_/_/

 :: Spring Boot ::                (v3.4.6)

2026-09-01T15:21:23.429+05:30  INFO 24932 --- [Rento] [           main] com.bhikhari.BhikhariApplicationTests    : Starting BhikhariApplicationTests using Java 26.0.1 with PID 24932 (started by SashiSingh in C:\Users\SashiSingh\Downloads\rento\auth-service)
2026-09-01T15:21:23.430+05:30  INFO 24932 --- [Rento] [           main] com.bhikhari.BhikhariApplicationTests    : No active profile set, falling back to 1 default profile: "default"
2026-09-01T15:21:24.262+05:30  INFO 24932 --- [Rento] [           main] .s.d.r.c.RepositoryConfigurationDelegate : Bootstrapping Spring Data JPA repositories in DEFAULT mode.
2026-09-01T15:21:24.414+05:30  INFO 24932 --- [Rento] [           main] .s.d.r.c.RepositoryConfigurationDelegate : Finished Spring Data repository scanning in 136 ms. Found 2 JPA repository interfaces.
2026-09-01T15:21:24.857+05:30  INFO 24932 --- [Rento] [           main] o.s.cloud.context.scope.GenericScope     : BeanFactory id=4fbc8b22-3232-3a9d-8a3b-574ff3390f6b
2026-09-01T15:21:25.205+05:30  INFO 24932 --- [Rento] [           main] o.hibernate.jpa.internal.util.LogHelper  : HHH000204: Processing PersistenceUnitInfo [name: default]
2026-09-01T15:21:25.253+05:30  INFO 24932 --- [Rento] [           main] org.hibernate.Version                    : HHH000412: Hibernate ORM core version 6.6.15.Final
2026-09-01T15:21:25.283+05:30  INFO 24932 --- [Rento] [           main] o.h.c.internal.RegionFactoryInitiator    : HHH000026: Second-level cache disabled
2026-09-01T15:21:25.599+05:30  INFO 24932 --- [Rento] [           main] o.s.o.j.p.SpringPersistenceUnitInfo      : No LoadTimeWeaver setup: ignoring JPA class transformer
2026-09-01T15:21:25.631+05:30  INFO 24932 --- [Rento] [           main] com.zaxxer.hikari.HikariDataSource       : HikariPool-1 - Starting...
2026-09-01T15:21:25.909+05:30  INFO 24932 --- [Rento] [           main] com.zaxxer.hikari.pool.HikariPool        : HikariPool-1 - Added connection com.mysql.cj.jdbc.ConnectionImpl@7e76a66f
2026-09-01T15:21:25.911+05:30  INFO 24932 --- [Rento] [           main] com.zaxxer.hikari.HikariDataSource       : HikariPool-1 - Start completed.
2026-09-01T15:21:25.954+05:30  WARN 24932 --- [Rento] [           main] org.hibernate.orm.deprecation            : HHH90000025: MySQLDialect does not need to be specified explicitly using 'hibernate.dialect' (remove the property setting and it will be selected by default)
2026-09-01T15:21:25.973+05:30  INFO 24932 --- [Rento] [           main] org.hibernate.orm.connections.pooling    : HHH10001005: Database info:
	Database JDBC URL [Connecting through datasource 'HikariDataSource (HikariPool-1)']
	Database driver: undefined/unknown
	Database version: 8.0.45
	Autocommit mode: undefined/unknown
	Isolation level: undefined/unknown
	Minimum pool size: undefined/unknown
	Maximum pool size: undefined/unknown
2026-09-01T15:21:26.704+05:30  INFO 24932 --- [Rento] [           main] o.h.e.t.j.p.i.JtaPlatformInitiator       : HHH000489: No JTA platform available (set 'hibernate.transaction.jta.platform' to enable JTA platform integration)
2026-09-01T15:21:26.758+05:30  INFO 24932 --- [Rento] [           main] j.LocalContainerEntityManagerFactoryBean : Initialized JPA EntityManagerFactory for persistence unit 'default'
2026-09-01T15:21:27.347+05:30  WARN 24932 --- [Rento] [           main] JpaBaseConfiguration$JpaWebConfiguration : spring.jpa.open-in-view is enabled by default. Therefore, database queries may be performed during view rendering. Explicitly configure spring.jpa.open-in-view to disable this warning
2026-09-01T15:21:27.413+05:30  WARN 24932 --- [Rento] [           main] .s.s.UserDetailsServiceAutoConfiguration : 

Using generated security password: a4d15f49-4616-4b57-8d1d-64240059c3be

This generated password is for development use only. Your security configuration must be updated before running your application in production.

2026-09-01T15:21:27.426+05:30  INFO 24932 --- [Rento] [           main] r$InitializeUserDetailsManagerConfigurer : Global AuthenticationManager configured with UserDetailsService bean with name inMemoryUserDetailsManager
2026-09-01T15:21:29.295+05:30  INFO 24932 --- [Rento] [           main] o.s.cloud.commons.util.InetUtils         : Cannot determine local hostname
2026-09-01T15:21:30.326+05:30  INFO 24932 --- [Rento] [           main] o.s.cloud.commons.util.InetUtils         : Cannot determine local hostname
2026-09-01T15:21:30.354+05:30  INFO 24932 --- [Rento] [           main] DiscoveryClientOptionalArgsConfiguration : Eureka HTTP Client uses RestTemplate.
2026-09-01T15:21:30.400+05:30  WARN 24932 --- [Rento] [           main] iguration$LoadBalancerCaffeineWarnLogger : Spring Cloud LoadBalancer is currently working with the default cache. While this cache implementation is useful for development and tests, it's recommended to use Caffeine cache in production.You can switch to using Caffeine cache, by adding it and org.springframework.cache.caffeine.CaffeineCacheManager to the classpath.
2026-09-01T15:21:30.428+05:30  INFO 24932 --- [Rento] [           main] o.s.c.n.eureka.InstanceInfoFactory       : Setting initial instance status as: STARTING
2026-09-01T15:21:30.451+05:30  INFO 24932 --- [Rento] [           main] com.netflix.discovery.DiscoveryClient    : Initializing Eureka in region us-east-1
2026-09-01T15:21:30.455+05:30  INFO 24932 --- [Rento] [           main] c.n.d.s.r.aws.ConfigClusterResolver      : Resolving eureka endpoints via configuration
2026-09-01T15:21:30.462+05:30  INFO 24932 --- [Rento] [           main] com.netflix.discovery.DiscoveryClient    : Disable delta property : false
2026-09-01T15:21:30.463+05:30  INFO 24932 --- [Rento] [           main] com.netflix.discovery.DiscoveryClient    : Single vip registry refresh property : null
2026-09-01T15:21:30.463+05:30  INFO 24932 --- [Rento] [           main] com.netflix.discovery.DiscoveryClient    : Force full registry fetch : false
2026-09-01T15:21:30.463+05:30  INFO 24932 --- [Rento] [           main] com.netflix.discovery.DiscoveryClient    : Application is null : false
2026-09-01T15:21:30.463+05:30  INFO 24932 --- [Rento] [           main] com.netflix.discovery.DiscoveryClient    : Registered Applications size is zero : true
2026-09-01T15:21:30.463+05:30  INFO 24932 --- [Rento] [           main] com.netflix.discovery.DiscoveryClient    : Application version is -1: true
2026-09-01T15:21:30.463+05:30  INFO 24932 --- [Rento] [           main] com.netflix.discovery.DiscoveryClient    : Getting all instance registry info from the eureka server
2026-09-01T15:21:30.806+05:30  INFO 24932 --- [Rento] [           main] com.netflix.discovery.DiscoveryClient    : The response status is 200
2026-09-01T15:21:30.807+05:30  INFO 24932 --- [Rento] [           main] com.netflix.discovery.DiscoveryClient    : Starting heartbeat executor: renew interval is: 30
2026-09-01T15:21:30.809+05:30  INFO 24932 --- [Rento] [           main] c.n.discovery.InstanceInfoReplicator     : InstanceInfoReplicator onDemand update allowed rate per min is 4
2026-09-01T15:21:30.812+05:30  INFO 24932 --- [Rento] [           main] com.netflix.discovery.DiscoveryClient    : Discovery Client initialized at timestamp 1788256290810 with initial instances count: 1
2026-09-01T15:21:30.816+05:30  INFO 24932 --- [Rento] [           main] o.s.c.n.e.s.EurekaServiceRegistry        : Registering application RENTO with eureka with status UP
2026-09-01T15:21:30.817+05:30  INFO 24932 --- [Rento] [           main] com.netflix.discovery.DiscoveryClient    : Saw local status change event StatusChangeEvent [timestamp=1788256290817, current=UP, previous=STARTING]
2026-09-01T15:21:30.820+05:30  INFO 24932 --- [Rento] [foReplicator-%d] com.netflix.discovery.DiscoveryClient    : DiscoveryClient_RENTO/localhost:Rento:9081: registering service...
2026-09-01T15:21:30.829+05:30  INFO 24932 --- [Rento] [           main] com.bhikhari.BhikhariApplicationTests    : Started BhikhariApplicationTests in 8.709 seconds (process running for 9.828)
2026-09-01T15:21:30.871+05:30  INFO 24932 --- [Rento] [foReplicator-%d] com.netflix.discovery.DiscoveryClient    : DiscoveryClient_RENTO/localhost:Rento:9081 - registration status: 204
]]></system-out>
    <system-err><![CDATA[Mockito is currently self-attaching to enable the inline-mock-maker. This will no longer work in future releases of the JDK. Please add Mockito as an agent to your build what is described in Mockito's documentation: https://javadoc.io/doc/org.mockito/mockito-core/latest/org/mockito/Mockito.html#0.3
WARNING: A Java agent has been loaded dynamically (C:\Users\SashiSingh\.m2\repository\net\bytebuddy\byte-buddy-agent\1.15.11\byte-buddy-agent-1.15.11.jar)
WARNING: If a serviceability tool is in use, please run with -XX:+EnableDynamicAgentLoading to hide this warning
WARNING: If a serviceability tool is not in use, please run with -Djdk.instrument.traceUsage for more information
WARNING: Dynamic loading of agents will be disallowed by default in a future release
]]></system-err>
  </testcase>
</testsuite>